2024-08-07 19:48:26,908:WARNING:
'cuml' is a soft dependency and not included in the pycaret installation. Please run: `pip install cuml` to install.
2024-08-07 19:48:26,908:WARNING:
'cuml' is a soft dependency and not included in the pycaret installation. Please run: `pip install cuml` to install.
2024-08-07 19:48:26,908:WARNING:
'cuml' is a soft dependency and not included in the pycaret installation. Please run: `pip install cuml` to install.
2024-08-07 19:48:26,908:WARNING:
'cuml' is a soft dependency and not included in the pycaret installation. Please run: `pip install cuml` to install.
2024-08-07 19:48:38,792:INFO:PyCaret RegressionExperiment
2024-08-07 19:48:38,792:INFO:Logging name: building-energy-prediction-training
2024-08-07 19:48:38,792:INFO:ML Usecase: MLUsecase.REGRESSION
2024-08-07 19:48:38,792:INFO:version 3.3.2
2024-08-07 19:48:38,793:INFO:Initializing setup()
2024-08-07 19:48:38,793:INFO:self.USI: dc38
2024-08-07 19:48:38,793:INFO:self._variable_keys: {'logging_param', 'USI', 'y_test', 'target_param', 'exp_id', 'fold_groups_param', 'gpu_n_jobs_param', 'X_test', 'seed', 'pipeline', 'transform_target_param', 'X_train', 'exp_name_log', 'fold_shuffle_param', 'idx', 'y_train', 'gpu_param', 'html_param', '_ml_usecase', 'fold_generator', 'X', 'memory', 'y', 'data', 'n_jobs_param', 'log_plots_param', '_available_plots'}
2024-08-07 19:48:38,793:INFO:Checking environment
2024-08-07 19:48:38,793:INFO:python_version: 3.10.10
2024-08-07 19:48:38,793:INFO:python_build: ('main', 'Mar 24 2023 20:12:31')
2024-08-07 19:48:38,793:INFO:machine: arm64
2024-08-07 19:48:38,793:INFO:platform: macOS-14.5-arm64-arm-64bit
2024-08-07 19:48:38,793:INFO:Memory: svmem(total=8589934592, available=1637744640, percent=80.9, used=3068346368, free=76234752, active=1570308096, inactive=1556660224, wired=1498038272)
2024-08-07 19:48:38,793:INFO:Physical Core: 8
2024-08-07 19:48:38,793:INFO:Logical Core: 8
2024-08-07 19:48:38,793:INFO:Checking libraries
2024-08-07 19:48:38,793:INFO:System:
2024-08-07 19:48:38,793:INFO:    python: 3.10.10 | packaged by conda-forge | (main, Mar 24 2023, 20:12:31) [Clang 14.0.6 ]
2024-08-07 19:48:38,793:INFO:executable: /Users/pamoussa/anaconda3/envs/mlops/bin/python
2024-08-07 19:48:38,793:INFO:   machine: macOS-14.5-arm64-arm-64bit
2024-08-07 19:48:38,793:INFO:PyCaret required dependencies:
2024-08-07 19:48:38,849:INFO:                 pip: 24.2
2024-08-07 19:48:38,849:INFO:          setuptools: 71.0.4
2024-08-07 19:48:38,849:INFO:             pycaret: 3.3.2
2024-08-07 19:48:38,849:INFO:             IPython: 8.26.0
2024-08-07 19:48:38,849:INFO:          ipywidgets: 8.1.3
2024-08-07 19:48:38,849:INFO:                tqdm: 4.66.4
2024-08-07 19:48:38,850:INFO:               numpy: 1.26.4
2024-08-07 19:48:38,850:INFO:              pandas: 1.5.3
2024-08-07 19:48:38,850:INFO:              jinja2: 3.1.4
2024-08-07 19:48:38,850:INFO:               scipy: 1.11.4
2024-08-07 19:48:38,850:INFO:              joblib: 1.3.2
2024-08-07 19:48:38,850:INFO:             sklearn: 1.4.2
2024-08-07 19:48:38,850:INFO:                pyod: 2.0.1
2024-08-07 19:48:38,850:INFO:            imblearn: 0.12.3
2024-08-07 19:48:38,850:INFO:   category_encoders: 2.6.3
2024-08-07 19:48:38,850:INFO:            lightgbm: 4.5.0
2024-08-07 19:48:38,850:INFO:               numba: 0.58.1
2024-08-07 19:48:38,850:INFO:            requests: 2.32.3
2024-08-07 19:48:38,850:INFO:          matplotlib: 3.7.5
2024-08-07 19:48:38,850:INFO:          scikitplot: 0.3.7
2024-08-07 19:48:38,850:INFO:         yellowbrick: 1.5
2024-08-07 19:48:38,850:INFO:              plotly: 5.23.0
2024-08-07 19:48:38,850:INFO:    plotly-resampler: Not installed
2024-08-07 19:48:38,850:INFO:             kaleido: 0.2.1
2024-08-07 19:48:38,850:INFO:           schemdraw: 0.15
2024-08-07 19:48:38,850:INFO:         statsmodels: 0.14.2
2024-08-07 19:48:38,850:INFO:              sktime: 0.26.0
2024-08-07 19:48:38,850:INFO:               tbats: 1.1.3
2024-08-07 19:48:38,850:INFO:            pmdarima: 2.0.4
2024-08-07 19:48:38,850:INFO:              psutil: 6.0.0
2024-08-07 19:48:38,850:INFO:          markupsafe: 2.1.5
2024-08-07 19:48:38,850:INFO:             pickle5: Not installed
2024-08-07 19:48:38,850:INFO:         cloudpickle: 3.0.0
2024-08-07 19:48:38,850:INFO:         deprecation: 2.1.0
2024-08-07 19:48:38,850:INFO:              xxhash: 3.4.1
2024-08-07 19:48:38,850:INFO:           wurlitzer: 3.1.1
2024-08-07 19:48:38,850:INFO:PyCaret optional dependencies:
2024-08-07 19:48:38,858:INFO:                shap: Not installed
2024-08-07 19:48:38,858:INFO:           interpret: Not installed
2024-08-07 19:48:38,858:INFO:                umap: Not installed
2024-08-07 19:48:38,858:INFO:     ydata_profiling: 4.9.0
2024-08-07 19:48:38,858:INFO:  explainerdashboard: Not installed
2024-08-07 19:48:38,858:INFO:             autoviz: Not installed
2024-08-07 19:48:38,858:INFO:           fairlearn: Not installed
2024-08-07 19:48:38,858:INFO:          deepchecks: Not installed
2024-08-07 19:48:38,858:INFO:             xgboost: 1.6.2
2024-08-07 19:48:38,859:INFO:            catboost: Not installed
2024-08-07 19:48:38,859:INFO:              kmodes: Not installed
2024-08-07 19:48:38,859:INFO:             mlxtend: Not installed
2024-08-07 19:48:38,859:INFO:       statsforecast: Not installed
2024-08-07 19:48:38,859:INFO:        tune_sklearn: Not installed
2024-08-07 19:48:38,859:INFO:                 ray: Not installed
2024-08-07 19:48:38,859:INFO:            hyperopt: Not installed
2024-08-07 19:48:38,859:INFO:              optuna: Not installed
2024-08-07 19:48:38,859:INFO:               skopt: Not installed
2024-08-07 19:48:38,859:INFO:              mlflow: 2.15.0
2024-08-07 19:48:38,859:INFO:              gradio: Not installed
2024-08-07 19:48:38,859:INFO:             fastapi: Not installed
2024-08-07 19:48:38,859:INFO:             uvicorn: Not installed
2024-08-07 19:48:38,859:INFO:              m2cgen: Not installed
2024-08-07 19:48:38,859:INFO:           evidently: Not installed
2024-08-07 19:48:38,859:INFO:               fugue: Not installed
2024-08-07 19:48:38,859:INFO:           streamlit: Not installed
2024-08-07 19:48:38,859:INFO:             prophet: Not installed
2024-08-07 19:48:38,859:INFO:None
2024-08-07 19:48:38,859:INFO:Set up data.
2024-08-07 19:48:38,865:INFO:Set up folding strategy.
2024-08-07 19:48:38,865:INFO:Set up train/test split.
2024-08-07 19:48:38,869:INFO:Set up index.
2024-08-07 19:48:38,869:INFO:Assigning column types.
2024-08-07 19:48:38,871:INFO:Engine successfully changes for model 'lr' to 'sklearn'.
2024-08-07 19:48:38,871:INFO:Engine for model 'lasso' has not been set explicitly, hence returning None.
2024-08-07 19:48:38,874:INFO:Engine for model 'ridge' has not been set explicitly, hence returning None.
2024-08-07 19:48:38,877:INFO:Engine for model 'en' has not been set explicitly, hence returning None.
2024-08-07 19:48:38,918:INFO:Engine for model 'svm' has not been set explicitly, hence returning None.
2024-08-07 19:48:38,948:INFO:Engine for model 'knn' has not been set explicitly, hence returning None.
2024-08-07 19:48:38,950:INFO:Soft dependency imported: xgboost: 1.6.2
2024-08-07 19:48:38,951:WARNING:
'catboost' is a soft dependency and not included in the pycaret installation. Please run: `pip install catboost` to install.
Alternately, you can install this by running `pip install pycaret[models]`
2024-08-07 19:48:38,952:INFO:Engine for model 'lasso' has not been set explicitly, hence returning None.
2024-08-07 19:48:38,955:INFO:Engine for model 'ridge' has not been set explicitly, hence returning None.
2024-08-07 19:48:38,958:INFO:Engine for model 'en' has not been set explicitly, hence returning None.
2024-08-07 19:48:38,997:INFO:Engine for model 'svm' has not been set explicitly, hence returning None.
2024-08-07 19:48:39,027:INFO:Engine for model 'knn' has not been set explicitly, hence returning None.
2024-08-07 19:48:39,027:INFO:Soft dependency imported: xgboost: 1.6.2
2024-08-07 19:48:39,029:WARNING:
'catboost' is a soft dependency and not included in the pycaret installation. Please run: `pip install catboost` to install.
Alternately, you can install this by running `pip install pycaret[models]`
2024-08-07 19:48:39,029:INFO:Engine successfully changes for model 'lasso' to 'sklearn'.
2024-08-07 19:48:39,033:INFO:Engine for model 'ridge' has not been set explicitly, hence returning None.
2024-08-07 19:48:39,036:INFO:Engine for model 'en' has not been set explicitly, hence returning None.
2024-08-07 19:48:39,075:INFO:Engine for model 'svm' has not been set explicitly, hence returning None.
2024-08-07 19:48:39,106:INFO:Engine for model 'knn' has not been set explicitly, hence returning None.
2024-08-07 19:48:39,107:INFO:Soft dependency imported: xgboost: 1.6.2
2024-08-07 19:48:39,109:WARNING:
'catboost' is a soft dependency and not included in the pycaret installation. Please run: `pip install catboost` to install.
Alternately, you can install this by running `pip install pycaret[models]`
2024-08-07 19:48:39,112:INFO:Engine for model 'ridge' has not been set explicitly, hence returning None.
2024-08-07 19:48:39,115:INFO:Engine for model 'en' has not been set explicitly, hence returning None.
2024-08-07 19:48:39,155:INFO:Engine for model 'svm' has not been set explicitly, hence returning None.
2024-08-07 19:48:39,186:INFO:Engine for model 'knn' has not been set explicitly, hence returning None.
2024-08-07 19:48:39,187:INFO:Soft dependency imported: xgboost: 1.6.2
2024-08-07 19:48:39,188:WARNING:
'catboost' is a soft dependency and not included in the pycaret installation. Please run: `pip install catboost` to install.
Alternately, you can install this by running `pip install pycaret[models]`
2024-08-07 19:48:39,189:INFO:Engine successfully changes for model 'ridge' to 'sklearn'.
2024-08-07 19:48:39,195:INFO:Engine for model 'en' has not been set explicitly, hence returning None.
2024-08-07 19:48:39,235:INFO:Engine for model 'svm' has not been set explicitly, hence returning None.
2024-08-07 19:48:39,268:INFO:Engine for model 'knn' has not been set explicitly, hence returning None.
2024-08-07 19:48:39,268:INFO:Soft dependency imported: xgboost: 1.6.2
2024-08-07 19:48:39,270:WARNING:
'catboost' is a soft dependency and not included in the pycaret installation. Please run: `pip install catboost` to install.
Alternately, you can install this by running `pip install pycaret[models]`
2024-08-07 19:48:39,277:INFO:Engine for model 'en' has not been set explicitly, hence returning None.
2024-08-07 19:48:39,316:INFO:Engine for model 'svm' has not been set explicitly, hence returning None.
2024-08-07 19:48:39,346:INFO:Engine for model 'knn' has not been set explicitly, hence returning None.
2024-08-07 19:48:39,346:INFO:Soft dependency imported: xgboost: 1.6.2
2024-08-07 19:48:39,348:WARNING:
'catboost' is a soft dependency and not included in the pycaret installation. Please run: `pip install catboost` to install.
Alternately, you can install this by running `pip install pycaret[models]`
2024-08-07 19:48:39,348:INFO:Engine successfully changes for model 'en' to 'sklearn'.
2024-08-07 19:48:39,393:INFO:Engine for model 'svm' has not been set explicitly, hence returning None.
2024-08-07 19:48:39,423:INFO:Engine for model 'knn' has not been set explicitly, hence returning None.
2024-08-07 19:48:39,423:INFO:Soft dependency imported: xgboost: 1.6.2
2024-08-07 19:48:39,425:WARNING:
'catboost' is a soft dependency and not included in the pycaret installation. Please run: `pip install catboost` to install.
Alternately, you can install this by running `pip install pycaret[models]`
2024-08-07 19:48:39,471:INFO:Engine for model 'svm' has not been set explicitly, hence returning None.
2024-08-07 19:48:39,501:INFO:Engine for model 'knn' has not been set explicitly, hence returning None.
2024-08-07 19:48:39,502:INFO:Soft dependency imported: xgboost: 1.6.2
2024-08-07 19:48:39,504:WARNING:
'catboost' is a soft dependency and not included in the pycaret installation. Please run: `pip install catboost` to install.
Alternately, you can install this by running `pip install pycaret[models]`
2024-08-07 19:48:39,504:INFO:Engine successfully changes for model 'knn' to 'sklearn'.
2024-08-07 19:48:39,548:INFO:Engine for model 'svm' has not been set explicitly, hence returning None.
2024-08-07 19:48:39,580:INFO:Soft dependency imported: xgboost: 1.6.2
2024-08-07 19:48:39,582:WARNING:
'catboost' is a soft dependency and not included in the pycaret installation. Please run: `pip install catboost` to install.
Alternately, you can install this by running `pip install pycaret[models]`
2024-08-07 19:48:39,628:INFO:Engine for model 'svm' has not been set explicitly, hence returning None.
2024-08-07 19:48:39,658:INFO:Soft dependency imported: xgboost: 1.6.2
2024-08-07 19:48:39,660:WARNING:
'catboost' is a soft dependency and not included in the pycaret installation. Please run: `pip install catboost` to install.
Alternately, you can install this by running `pip install pycaret[models]`
2024-08-07 19:48:39,660:INFO:Engine successfully changes for model 'svm' to 'sklearn'.
2024-08-07 19:48:39,736:INFO:Soft dependency imported: xgboost: 1.6.2
2024-08-07 19:48:39,737:WARNING:
'catboost' is a soft dependency and not included in the pycaret installation. Please run: `pip install catboost` to install.
Alternately, you can install this by running `pip install pycaret[models]`
2024-08-07 19:48:39,814:INFO:Soft dependency imported: xgboost: 1.6.2
2024-08-07 19:48:39,816:WARNING:
'catboost' is a soft dependency and not included in the pycaret installation. Please run: `pip install catboost` to install.
Alternately, you can install this by running `pip install pycaret[models]`
2024-08-07 19:48:39,818:INFO:Preparing preprocessing pipeline...
2024-08-07 19:48:39,818:INFO:Set up simple imputation.
2024-08-07 19:48:39,820:INFO:Set up encoding of categorical features.
2024-08-07 19:48:39,821:INFO:Set up column name cleaning.
2024-08-07 19:48:39,885:INFO:Finished creating preprocessing pipeline.
2024-08-07 19:48:39,892:INFO:Pipeline: Pipeline(memory=FastMemory(location=/var/folders/cr/49y6g29x0wsct947q6zx6d3c0000gn/T/joblib),
         steps=[('numerical_imputer',
                 TransformerWrapper(include=['PropertyGFATotal',
                                             'LargestPropertyUseTypeGFARatio',
                                             'NumberofFloors',
                                             'SecondLargestPropertyUseTypeGFARatio',
                                             'ThirdLargestPropertyUseTypeGFARatio'],
                                    transformer=SimpleImputer())),
                ('categorical_imputer',
                 T...
                                             'BuildingType'],
                                    transformer=SimpleImputer(strategy='most_frequent'))),
                ('onehot_encoding',
                 TransformerWrapper(include=['LargestPropertyUseType',
                                             'BuildingType'],
                                    transformer=OneHotEncoder(cols=['LargestPropertyUseType',
                                                                    'BuildingType'],
                                                              handle_missing='return_nan',
                                                              use_cat_names=True))),
                ('clean_column_names',
                 TransformerWrapper(transformer=CleanColumnNames()))])
2024-08-07 19:48:39,892:INFO:Creating final display dataframe.
2024-08-07 19:48:40,038:INFO:Setup _display_container:                     Description                                Value
0                    Session id                                 4566
1                        Target                  SiteEnergyUse(kBtu)
2                   Target type                           Regression
3           Original data shape                            (5272, 8)
4        Transformed data shape                           (5272, 67)
5   Transformed train set shape                           (4217, 67)
6    Transformed test set shape                           (1055, 67)
7              Numeric features                                    5
8          Categorical features                                    2
9                    Preprocess                                 True
10              Imputation type                               simple
11           Numeric imputation                                 mean
12       Categorical imputation                                 mode
13     Maximum one-hot encoding                                  200
14              Encoding method                                 None
15               Fold Generator                                KFold
16                  Fold Number                                   10
17                     CPU Jobs                                   -1
18                      Use GPU                                False
19               Log Experiment                         MlflowLogger
20              Experiment Name  building-energy-prediction-training
21                          USI                                 dc38
2024-08-07 19:48:40,124:INFO:Soft dependency imported: xgboost: 1.6.2
2024-08-07 19:48:40,125:WARNING:
'catboost' is a soft dependency and not included in the pycaret installation. Please run: `pip install catboost` to install.
Alternately, you can install this by running `pip install pycaret[models]`
2024-08-07 19:48:40,202:INFO:Soft dependency imported: xgboost: 1.6.2
2024-08-07 19:48:40,204:WARNING:
'catboost' is a soft dependency and not included in the pycaret installation. Please run: `pip install catboost` to install.
Alternately, you can install this by running `pip install pycaret[models]`
2024-08-07 19:48:40,204:INFO:Logging experiment in loggers
2024-08-07 19:48:44,712:INFO:SubProcess save_model() called ==================================
2024-08-07 19:48:44,731:INFO:Initializing save_model()
2024-08-07 19:48:44,731:INFO:save_model(model=Pipeline(memory=FastMemory(location=/var/folders/cr/49y6g29x0wsct947q6zx6d3c0000gn/T/joblib),
         steps=[('numerical_imputer',
                 TransformerWrapper(include=['PropertyGFATotal',
                                             'LargestPropertyUseTypeGFARatio',
                                             'NumberofFloors',
                                             'SecondLargestPropertyUseTypeGFARatio',
                                             'ThirdLargestPropertyUseTypeGFARatio'],
                                    transformer=SimpleImputer())),
                ('categorical_imputer',
                 T...
                                             'BuildingType'],
                                    transformer=SimpleImputer(strategy='most_frequent'))),
                ('onehot_encoding',
                 TransformerWrapper(include=['LargestPropertyUseType',
                                             'BuildingType'],
                                    transformer=OneHotEncoder(cols=['LargestPropertyUseType',
                                                                    'BuildingType'],
                                                              handle_missing='return_nan',
                                                              use_cat_names=True))),
                ('clean_column_names',
                 TransformerWrapper(transformer=CleanColumnNames()))]), model_name=/var/folders/cr/49y6g29x0wsct947q6zx6d3c0000gn/T/tmpcqxqeq33/Transformation Pipeline, prep_pipe_=Pipeline(memory=FastMemory(location=/var/folders/cr/49y6g29x0wsct947q6zx6d3c0000gn/T/joblib),
         steps=[('numerical_imputer',
                 TransformerWrapper(include=['PropertyGFATotal',
                                             'LargestPropertyUseTypeGFARatio',
                                             'NumberofFloors',
                                             'SecondLargestPropertyUseTypeGFARatio',
                                             'ThirdLargestPropertyUseTypeGFARatio'],
                                    transformer=SimpleImputer())),
                ('categorical_imputer',
                 T...
                                             'BuildingType'],
                                    transformer=SimpleImputer(strategy='most_frequent'))),
                ('onehot_encoding',
                 TransformerWrapper(include=['LargestPropertyUseType',
                                             'BuildingType'],
                                    transformer=OneHotEncoder(cols=['LargestPropertyUseType',
                                                                    'BuildingType'],
                                                              handle_missing='return_nan',
                                                              use_cat_names=True))),
                ('clean_column_names',
                 TransformerWrapper(transformer=CleanColumnNames()))]), verbose=False, use_case=MLUsecase.REGRESSION, kwargs={})
2024-08-07 19:48:44,731:INFO:Adding model into prep_pipe
2024-08-07 19:48:44,731:WARNING:Only Model saved as it was a pipeline.
2024-08-07 19:48:44,738:INFO:/var/folders/cr/49y6g29x0wsct947q6zx6d3c0000gn/T/tmpcqxqeq33/Transformation Pipeline.pkl saved in current working directory
2024-08-07 19:48:44,743:INFO:Pipeline(memory=FastMemory(location=/var/folders/cr/49y6g29x0wsct947q6zx6d3c0000gn/T/joblib),
         steps=[('numerical_imputer',
                 TransformerWrapper(include=['PropertyGFATotal',
                                             'LargestPropertyUseTypeGFARatio',
                                             'NumberofFloors',
                                             'SecondLargestPropertyUseTypeGFARatio',
                                             'ThirdLargestPropertyUseTypeGFARatio'],
                                    transformer=SimpleImputer())),
                ('categorical_imputer',
                 T...
                                             'BuildingType'],
                                    transformer=SimpleImputer(strategy='most_frequent'))),
                ('onehot_encoding',
                 TransformerWrapper(include=['LargestPropertyUseType',
                                             'BuildingType'],
                                    transformer=OneHotEncoder(cols=['LargestPropertyUseType',
                                                                    'BuildingType'],
                                                              handle_missing='return_nan',
                                                              use_cat_names=True))),
                ('clean_column_names',
                 TransformerWrapper(transformer=CleanColumnNames()))])
2024-08-07 19:48:44,743:INFO:save_model() successfully completed......................................
2024-08-07 19:48:44,925:INFO:SubProcess save_model() end ==================================
2024-08-07 19:48:47,652:INFO:setup() successfully completed in 1.42s...............
2024-08-07 19:48:47,653:INFO:Initializing set_config()
2024-08-07 19:48:47,653:INFO:set_config(self=<pycaret.regression.oop.RegressionExperiment object at 0x30a4f54e0>, variable=seed, value=42, kwargs={})
2024-08-07 19:48:47,654:INFO:Global variable: seed updated to 42
2024-08-07 19:48:47,654:INFO:set_config() successfully completed......................................
2024-08-07 19:48:47,715:INFO:Initializing compare_models()
2024-08-07 19:48:47,716:INFO:compare_models(self=<pycaret.regression.oop.RegressionExperiment object at 0x30a4f54e0>, include=None, fold=None, round=4, cross_validation=True, sort=R2, n_select=3, budget_time=None, turbo=True, errors=ignore, fit_kwargs=None, groups=None, experiment_custom_tags=None, probability_threshold=None, verbose=True, parallel=None, caller_params={'self': <pycaret.regression.oop.RegressionExperiment object at 0x30a4f54e0>, 'include': None, 'exclude': None, 'fold': None, 'round': 4, 'cross_validation': True, 'sort': 'R2', 'n_select': 3, 'budget_time': None, 'turbo': True, 'errors': 'ignore', 'fit_kwargs': None, 'groups': None, 'experiment_custom_tags': None, 'engine': None, 'verbose': True, 'parallel': None, '__class__': <class 'pycaret.regression.oop.RegressionExperiment'>}, exclude=None)
2024-08-07 19:48:47,716:INFO:Checking exceptions
2024-08-07 19:48:47,717:INFO:Preparing display monitor
2024-08-07 19:48:47,749:INFO:Initializing Linear Regression
2024-08-07 19:48:47,749:INFO:Total runtime is 4.21603520711263e-06 minutes
2024-08-07 19:48:47,751:INFO:SubProcess create_model() called ==================================
2024-08-07 19:48:47,752:INFO:Initializing create_model()
2024-08-07 19:48:47,752:INFO:create_model(self=<pycaret.regression.oop.RegressionExperiment object at 0x30a4f54e0>, estimator=lr, fold=KFold(n_splits=10, random_state=None, shuffle=False), round=4, cross_validation=True, predict=True, fit_kwargs={}, groups=None, refit=False, probability_threshold=None, experiment_custom_tags=None, verbose=False, system=False, add_to_model_list=True, metrics=None, display=<pycaret.internal.display.display.CommonDisplay object at 0x176457640>, model_only=True, return_train_score=False, error_score=0.0, kwargs={})
2024-08-07 19:48:47,752:INFO:Checking exceptions
2024-08-07 19:48:47,752:INFO:Importing libraries
2024-08-07 19:48:47,752:INFO:Copying training dataset
2024-08-07 19:48:47,756:INFO:Defining folds
2024-08-07 19:48:47,756:INFO:Declaring metric variables
2024-08-07 19:48:47,759:INFO:Importing untrained model
2024-08-07 19:48:47,762:INFO:Linear Regression Imported successfully
2024-08-07 19:48:47,767:INFO:Starting cross validation
2024-08-07 19:48:47,775:INFO:Cross validating with KFold(n_splits=10, random_state=None, shuffle=False), n_jobs=-1
2024-08-07 19:48:54,629:INFO:Calculating mean and std
2024-08-07 19:48:54,633:INFO:Creating metrics dataframe
2024-08-07 19:48:54,640:INFO:Uploading results into container
2024-08-07 19:48:54,640:INFO:Uploading model into container now
2024-08-07 19:48:54,641:INFO:_master_model_container: 1
2024-08-07 19:48:54,641:INFO:_display_container: 2
2024-08-07 19:48:54,642:INFO:LinearRegression(n_jobs=-1)
2024-08-07 19:48:54,642:INFO:create_model() successfully completed......................................
2024-08-07 19:48:54,869:INFO:SubProcess create_model() end ==================================
2024-08-07 19:48:54,870:INFO:Creating metrics dataframe
2024-08-07 19:48:54,875:INFO:Initializing Lasso Regression
2024-08-07 19:48:54,875:INFO:Total runtime is 0.11876733303070068 minutes
2024-08-07 19:48:54,877:INFO:SubProcess create_model() called ==================================
2024-08-07 19:48:54,877:INFO:Initializing create_model()
2024-08-07 19:48:54,877:INFO:create_model(self=<pycaret.regression.oop.RegressionExperiment object at 0x30a4f54e0>, estimator=lasso, fold=KFold(n_splits=10, random_state=None, shuffle=False), round=4, cross_validation=True, predict=True, fit_kwargs={}, groups=None, refit=False, probability_threshold=None, experiment_custom_tags=None, verbose=False, system=False, add_to_model_list=True, metrics=None, display=<pycaret.internal.display.display.CommonDisplay object at 0x176457640>, model_only=True, return_train_score=False, error_score=0.0, kwargs={})
2024-08-07 19:48:54,878:INFO:Checking exceptions
2024-08-07 19:48:54,878:INFO:Importing libraries
2024-08-07 19:48:54,878:INFO:Copying training dataset
2024-08-07 19:48:54,881:INFO:Defining folds
2024-08-07 19:48:54,881:INFO:Declaring metric variables
2024-08-07 19:48:54,883:INFO:Importing untrained model
2024-08-07 19:48:54,885:INFO:Lasso Regression Imported successfully
2024-08-07 19:48:54,889:INFO:Starting cross validation
2024-08-07 19:48:54,890:INFO:Cross validating with KFold(n_splits=10, random_state=None, shuffle=False), n_jobs=-1
2024-08-07 19:48:55,144:INFO:Calculating mean and std
2024-08-07 19:48:55,145:INFO:Creating metrics dataframe
2024-08-07 19:48:55,147:INFO:Uploading results into container
2024-08-07 19:48:55,148:INFO:Uploading model into container now
2024-08-07 19:48:55,148:INFO:_master_model_container: 2
2024-08-07 19:48:55,149:INFO:_display_container: 2
2024-08-07 19:48:55,149:INFO:Lasso(random_state=4566)
2024-08-07 19:48:55,149:INFO:create_model() successfully completed......................................
2024-08-07 19:48:55,281:INFO:SubProcess create_model() end ==================================
2024-08-07 19:48:55,281:INFO:Creating metrics dataframe
2024-08-07 19:48:55,286:INFO:Initializing Ridge Regression
2024-08-07 19:48:55,287:INFO:Total runtime is 0.125628133614858 minutes
2024-08-07 19:48:55,289:INFO:SubProcess create_model() called ==================================
2024-08-07 19:48:55,289:INFO:Initializing create_model()
2024-08-07 19:48:55,289:INFO:create_model(self=<pycaret.regression.oop.RegressionExperiment object at 0x30a4f54e0>, estimator=ridge, fold=KFold(n_splits=10, random_state=None, shuffle=False), round=4, cross_validation=True, predict=True, fit_kwargs={}, groups=None, refit=False, probability_threshold=None, experiment_custom_tags=None, verbose=False, system=False, add_to_model_list=True, metrics=None, display=<pycaret.internal.display.display.CommonDisplay object at 0x176457640>, model_only=True, return_train_score=False, error_score=0.0, kwargs={})
2024-08-07 19:48:55,289:INFO:Checking exceptions
2024-08-07 19:48:55,289:INFO:Importing libraries
2024-08-07 19:48:55,289:INFO:Copying training dataset
2024-08-07 19:48:55,293:INFO:Defining folds
2024-08-07 19:48:55,293:INFO:Declaring metric variables
2024-08-07 19:48:55,295:INFO:Importing untrained model
2024-08-07 19:48:55,297:INFO:Ridge Regression Imported successfully
2024-08-07 19:48:55,300:INFO:Starting cross validation
2024-08-07 19:48:55,301:INFO:Cross validating with KFold(n_splits=10, random_state=None, shuffle=False), n_jobs=-1
2024-08-07 19:48:55,504:INFO:Calculating mean and std
2024-08-07 19:48:55,505:INFO:Creating metrics dataframe
2024-08-07 19:48:55,507:INFO:Uploading results into container
2024-08-07 19:48:55,507:INFO:Uploading model into container now
2024-08-07 19:48:55,507:INFO:_master_model_container: 3
2024-08-07 19:48:55,507:INFO:_display_container: 2
2024-08-07 19:48:55,507:INFO:Ridge(random_state=4566)
2024-08-07 19:48:55,507:INFO:create_model() successfully completed......................................
2024-08-07 19:48:55,640:INFO:SubProcess create_model() end ==================================
2024-08-07 19:48:55,640:INFO:Creating metrics dataframe
2024-08-07 19:48:55,647:INFO:Initializing Elastic Net
2024-08-07 19:48:55,647:INFO:Total runtime is 0.13163142999013266 minutes
2024-08-07 19:48:55,649:INFO:SubProcess create_model() called ==================================
2024-08-07 19:48:55,649:INFO:Initializing create_model()
2024-08-07 19:48:55,649:INFO:create_model(self=<pycaret.regression.oop.RegressionExperiment object at 0x30a4f54e0>, estimator=en, fold=KFold(n_splits=10, random_state=None, shuffle=False), round=4, cross_validation=True, predict=True, fit_kwargs={}, groups=None, refit=False, probability_threshold=None, experiment_custom_tags=None, verbose=False, system=False, add_to_model_list=True, metrics=None, display=<pycaret.internal.display.display.CommonDisplay object at 0x176457640>, model_only=True, return_train_score=False, error_score=0.0, kwargs={})
2024-08-07 19:48:55,649:INFO:Checking exceptions
2024-08-07 19:48:55,649:INFO:Importing libraries
2024-08-07 19:48:55,649:INFO:Copying training dataset
2024-08-07 19:48:55,653:INFO:Defining folds
2024-08-07 19:48:55,654:INFO:Declaring metric variables
2024-08-07 19:48:55,656:INFO:Importing untrained model
2024-08-07 19:48:55,658:INFO:Elastic Net Imported successfully
2024-08-07 19:48:55,663:INFO:Starting cross validation
2024-08-07 19:48:55,664:INFO:Cross validating with KFold(n_splits=10, random_state=None, shuffle=False), n_jobs=-1
2024-08-07 19:48:55,878:INFO:Calculating mean and std
2024-08-07 19:48:55,879:INFO:Creating metrics dataframe
2024-08-07 19:48:55,882:INFO:Uploading results into container
2024-08-07 19:48:55,882:INFO:Uploading model into container now
2024-08-07 19:48:55,883:INFO:_master_model_container: 4
2024-08-07 19:48:55,883:INFO:_display_container: 2
2024-08-07 19:48:55,883:INFO:ElasticNet(random_state=4566)
2024-08-07 19:48:55,883:INFO:create_model() successfully completed......................................
2024-08-07 19:48:56,022:INFO:SubProcess create_model() end ==================================
2024-08-07 19:48:56,022:INFO:Creating metrics dataframe
2024-08-07 19:48:56,028:INFO:Initializing Least Angle Regression
2024-08-07 19:48:56,029:INFO:Total runtime is 0.13799518346786502 minutes
2024-08-07 19:48:56,031:INFO:SubProcess create_model() called ==================================
2024-08-07 19:48:56,034:INFO:Initializing create_model()
2024-08-07 19:48:56,034:INFO:create_model(self=<pycaret.regression.oop.RegressionExperiment object at 0x30a4f54e0>, estimator=lar, fold=KFold(n_splits=10, random_state=None, shuffle=False), round=4, cross_validation=True, predict=True, fit_kwargs={}, groups=None, refit=False, probability_threshold=None, experiment_custom_tags=None, verbose=False, system=False, add_to_model_list=True, metrics=None, display=<pycaret.internal.display.display.CommonDisplay object at 0x176457640>, model_only=True, return_train_score=False, error_score=0.0, kwargs={})
2024-08-07 19:48:56,035:INFO:Checking exceptions
2024-08-07 19:48:56,035:INFO:Importing libraries
2024-08-07 19:48:56,035:INFO:Copying training dataset
2024-08-07 19:48:56,048:INFO:Defining folds
2024-08-07 19:48:56,049:INFO:Declaring metric variables
2024-08-07 19:48:56,058:INFO:Importing untrained model
2024-08-07 19:48:56,073:INFO:Least Angle Regression Imported successfully
2024-08-07 19:48:56,090:INFO:Starting cross validation
2024-08-07 19:48:56,093:INFO:Cross validating with KFold(n_splits=10, random_state=None, shuffle=False), n_jobs=-1
2024-08-07 19:48:56,366:INFO:Calculating mean and std
2024-08-07 19:48:56,367:INFO:Creating metrics dataframe
2024-08-07 19:48:56,372:INFO:Uploading results into container
2024-08-07 19:48:56,373:INFO:Uploading model into container now
2024-08-07 19:48:56,374:INFO:_master_model_container: 5
2024-08-07 19:48:56,374:INFO:_display_container: 2
2024-08-07 19:48:56,374:INFO:Lars(random_state=4566)
2024-08-07 19:48:56,375:INFO:create_model() successfully completed......................................
2024-08-07 19:48:56,611:INFO:SubProcess create_model() end ==================================
2024-08-07 19:48:56,611:INFO:Creating metrics dataframe
2024-08-07 19:48:56,617:INFO:Initializing Lasso Least Angle Regression
2024-08-07 19:48:56,617:INFO:Total runtime is 0.1478087147076925 minutes
2024-08-07 19:48:56,620:INFO:SubProcess create_model() called ==================================
2024-08-07 19:48:56,620:INFO:Initializing create_model()
2024-08-07 19:48:56,620:INFO:create_model(self=<pycaret.regression.oop.RegressionExperiment object at 0x30a4f54e0>, estimator=llar, fold=KFold(n_splits=10, random_state=None, shuffle=False), round=4, cross_validation=True, predict=True, fit_kwargs={}, groups=None, refit=False, probability_threshold=None, experiment_custom_tags=None, verbose=False, system=False, add_to_model_list=True, metrics=None, display=<pycaret.internal.display.display.CommonDisplay object at 0x176457640>, model_only=True, return_train_score=False, error_score=0.0, kwargs={})
2024-08-07 19:48:56,620:INFO:Checking exceptions
2024-08-07 19:48:56,620:INFO:Importing libraries
2024-08-07 19:48:56,620:INFO:Copying training dataset
2024-08-07 19:48:56,624:INFO:Defining folds
2024-08-07 19:48:56,624:INFO:Declaring metric variables
2024-08-07 19:48:56,626:INFO:Importing untrained model
2024-08-07 19:48:56,628:INFO:Lasso Least Angle Regression Imported successfully
2024-08-07 19:48:56,632:INFO:Starting cross validation
2024-08-07 19:48:56,633:INFO:Cross validating with KFold(n_splits=10, random_state=None, shuffle=False), n_jobs=-1
2024-08-07 19:48:56,829:INFO:Calculating mean and std
2024-08-07 19:48:56,830:INFO:Creating metrics dataframe
2024-08-07 19:48:56,831:INFO:Uploading results into container
2024-08-07 19:48:56,832:INFO:Uploading model into container now
2024-08-07 19:48:56,832:INFO:_master_model_container: 6
2024-08-07 19:48:56,832:INFO:_display_container: 2
2024-08-07 19:48:56,832:INFO:LassoLars(random_state=4566)
2024-08-07 19:48:56,833:INFO:create_model() successfully completed......................................
2024-08-07 19:48:56,957:INFO:SubProcess create_model() end ==================================
2024-08-07 19:48:56,957:INFO:Creating metrics dataframe
2024-08-07 19:48:56,963:INFO:Initializing Orthogonal Matching Pursuit
2024-08-07 19:48:56,963:INFO:Total runtime is 0.15357161760330204 minutes
2024-08-07 19:48:56,965:INFO:SubProcess create_model() called ==================================
2024-08-07 19:48:56,965:INFO:Initializing create_model()
2024-08-07 19:48:56,965:INFO:create_model(self=<pycaret.regression.oop.RegressionExperiment object at 0x30a4f54e0>, estimator=omp, fold=KFold(n_splits=10, random_state=None, shuffle=False), round=4, cross_validation=True, predict=True, fit_kwargs={}, groups=None, refit=False, probability_threshold=None, experiment_custom_tags=None, verbose=False, system=False, add_to_model_list=True, metrics=None, display=<pycaret.internal.display.display.CommonDisplay object at 0x176457640>, model_only=True, return_train_score=False, error_score=0.0, kwargs={})
2024-08-07 19:48:56,965:INFO:Checking exceptions
2024-08-07 19:48:56,966:INFO:Importing libraries
2024-08-07 19:48:56,966:INFO:Copying training dataset
2024-08-07 19:48:56,969:INFO:Defining folds
2024-08-07 19:48:56,969:INFO:Declaring metric variables
2024-08-07 19:48:56,971:INFO:Importing untrained model
2024-08-07 19:48:56,974:INFO:Orthogonal Matching Pursuit Imported successfully
2024-08-07 19:48:56,977:INFO:Starting cross validation
2024-08-07 19:48:56,978:INFO:Cross validating with KFold(n_splits=10, random_state=None, shuffle=False), n_jobs=-1
2024-08-07 19:48:57,170:INFO:Calculating mean and std
2024-08-07 19:48:57,171:INFO:Creating metrics dataframe
2024-08-07 19:48:57,173:INFO:Uploading results into container
2024-08-07 19:48:57,173:INFO:Uploading model into container now
2024-08-07 19:48:57,174:INFO:_master_model_container: 7
2024-08-07 19:48:57,174:INFO:_display_container: 2
2024-08-07 19:48:57,174:INFO:OrthogonalMatchingPursuit()
2024-08-07 19:48:57,174:INFO:create_model() successfully completed......................................
2024-08-07 19:48:57,301:INFO:SubProcess create_model() end ==================================
2024-08-07 19:48:57,301:INFO:Creating metrics dataframe
2024-08-07 19:48:57,307:INFO:Initializing Bayesian Ridge
2024-08-07 19:48:57,307:INFO:Total runtime is 0.15930078029632572 minutes
2024-08-07 19:48:57,309:INFO:SubProcess create_model() called ==================================
2024-08-07 19:48:57,309:INFO:Initializing create_model()
2024-08-07 19:48:57,309:INFO:create_model(self=<pycaret.regression.oop.RegressionExperiment object at 0x30a4f54e0>, estimator=br, fold=KFold(n_splits=10, random_state=None, shuffle=False), round=4, cross_validation=True, predict=True, fit_kwargs={}, groups=None, refit=False, probability_threshold=None, experiment_custom_tags=None, verbose=False, system=False, add_to_model_list=True, metrics=None, display=<pycaret.internal.display.display.CommonDisplay object at 0x176457640>, model_only=True, return_train_score=False, error_score=0.0, kwargs={})
2024-08-07 19:48:57,309:INFO:Checking exceptions
2024-08-07 19:48:57,309:INFO:Importing libraries
2024-08-07 19:48:57,309:INFO:Copying training dataset
2024-08-07 19:48:57,313:INFO:Defining folds
2024-08-07 19:48:57,313:INFO:Declaring metric variables
2024-08-07 19:48:57,315:INFO:Importing untrained model
2024-08-07 19:48:57,317:INFO:Bayesian Ridge Imported successfully
2024-08-07 19:48:57,321:INFO:Starting cross validation
2024-08-07 19:48:57,322:INFO:Cross validating with KFold(n_splits=10, random_state=None, shuffle=False), n_jobs=-1
2024-08-07 19:48:57,637:INFO:Calculating mean and std
2024-08-07 19:48:57,638:INFO:Creating metrics dataframe
2024-08-07 19:48:57,643:INFO:Uploading results into container
2024-08-07 19:48:57,643:INFO:Uploading model into container now
2024-08-07 19:48:57,644:INFO:_master_model_container: 8
2024-08-07 19:48:57,644:INFO:_display_container: 2
2024-08-07 19:48:57,645:INFO:BayesianRidge()
2024-08-07 19:48:57,645:INFO:create_model() successfully completed......................................
2024-08-07 19:48:57,803:INFO:SubProcess create_model() end ==================================
2024-08-07 19:48:57,803:INFO:Creating metrics dataframe
2024-08-07 19:48:57,809:INFO:Initializing Passive Aggressive Regressor
2024-08-07 19:48:57,809:INFO:Total runtime is 0.16767520109812423 minutes
2024-08-07 19:48:57,812:INFO:SubProcess create_model() called ==================================
2024-08-07 19:48:57,812:INFO:Initializing create_model()
2024-08-07 19:48:57,812:INFO:create_model(self=<pycaret.regression.oop.RegressionExperiment object at 0x30a4f54e0>, estimator=par, fold=KFold(n_splits=10, random_state=None, shuffle=False), round=4, cross_validation=True, predict=True, fit_kwargs={}, groups=None, refit=False, probability_threshold=None, experiment_custom_tags=None, verbose=False, system=False, add_to_model_list=True, metrics=None, display=<pycaret.internal.display.display.CommonDisplay object at 0x176457640>, model_only=True, return_train_score=False, error_score=0.0, kwargs={})
2024-08-07 19:48:57,812:INFO:Checking exceptions
2024-08-07 19:48:57,812:INFO:Importing libraries
2024-08-07 19:48:57,812:INFO:Copying training dataset
2024-08-07 19:48:57,815:INFO:Defining folds
2024-08-07 19:48:57,815:INFO:Declaring metric variables
2024-08-07 19:48:57,817:INFO:Importing untrained model
2024-08-07 19:48:57,820:INFO:Passive Aggressive Regressor Imported successfully
2024-08-07 19:48:57,824:INFO:Starting cross validation
2024-08-07 19:48:57,824:INFO:Cross validating with KFold(n_splits=10, random_state=None, shuffle=False), n_jobs=-1
2024-08-07 19:48:58,031:INFO:Calculating mean and std
2024-08-07 19:48:58,032:INFO:Creating metrics dataframe
2024-08-07 19:48:58,034:INFO:Uploading results into container
2024-08-07 19:48:58,035:INFO:Uploading model into container now
2024-08-07 19:48:58,035:INFO:_master_model_container: 9
2024-08-07 19:48:58,035:INFO:_display_container: 2
2024-08-07 19:48:58,036:INFO:PassiveAggressiveRegressor(random_state=4566)
2024-08-07 19:48:58,036:INFO:create_model() successfully completed......................................
2024-08-07 19:48:58,160:INFO:SubProcess create_model() end ==================================
2024-08-07 19:48:58,160:INFO:Creating metrics dataframe
2024-08-07 19:48:58,166:INFO:Initializing Huber Regressor
2024-08-07 19:48:58,166:INFO:Total runtime is 0.1736220995585124 minutes
2024-08-07 19:48:58,168:INFO:SubProcess create_model() called ==================================
2024-08-07 19:48:58,169:INFO:Initializing create_model()
2024-08-07 19:48:58,169:INFO:create_model(self=<pycaret.regression.oop.RegressionExperiment object at 0x30a4f54e0>, estimator=huber, fold=KFold(n_splits=10, random_state=None, shuffle=False), round=4, cross_validation=True, predict=True, fit_kwargs={}, groups=None, refit=False, probability_threshold=None, experiment_custom_tags=None, verbose=False, system=False, add_to_model_list=True, metrics=None, display=<pycaret.internal.display.display.CommonDisplay object at 0x176457640>, model_only=True, return_train_score=False, error_score=0.0, kwargs={})
2024-08-07 19:48:58,169:INFO:Checking exceptions
2024-08-07 19:48:58,169:INFO:Importing libraries
2024-08-07 19:48:58,169:INFO:Copying training dataset
2024-08-07 19:48:58,172:INFO:Defining folds
2024-08-07 19:48:58,172:INFO:Declaring metric variables
2024-08-07 19:48:58,174:INFO:Importing untrained model
2024-08-07 19:48:58,176:INFO:Huber Regressor Imported successfully
2024-08-07 19:48:58,180:INFO:Starting cross validation
2024-08-07 19:48:58,181:INFO:Cross validating with KFold(n_splits=10, random_state=None, shuffle=False), n_jobs=-1
2024-08-07 19:48:58,413:INFO:Calculating mean and std
2024-08-07 19:48:58,413:INFO:Creating metrics dataframe
2024-08-07 19:48:58,416:INFO:Uploading results into container
2024-08-07 19:48:58,416:INFO:Uploading model into container now
2024-08-07 19:48:58,416:INFO:_master_model_container: 10
2024-08-07 19:48:58,416:INFO:_display_container: 2
2024-08-07 19:48:58,416:INFO:HuberRegressor()
2024-08-07 19:48:58,417:INFO:create_model() successfully completed......................................
2024-08-07 19:48:58,548:INFO:SubProcess create_model() end ==================================
2024-08-07 19:48:58,548:INFO:Creating metrics dataframe
2024-08-07 19:48:58,556:INFO:Initializing K Neighbors Regressor
2024-08-07 19:48:58,556:INFO:Total runtime is 0.18011553287506107 minutes
2024-08-07 19:48:58,558:INFO:SubProcess create_model() called ==================================
2024-08-07 19:48:58,559:INFO:Initializing create_model()
2024-08-07 19:48:58,559:INFO:create_model(self=<pycaret.regression.oop.RegressionExperiment object at 0x30a4f54e0>, estimator=knn, fold=KFold(n_splits=10, random_state=None, shuffle=False), round=4, cross_validation=True, predict=True, fit_kwargs={}, groups=None, refit=False, probability_threshold=None, experiment_custom_tags=None, verbose=False, system=False, add_to_model_list=True, metrics=None, display=<pycaret.internal.display.display.CommonDisplay object at 0x176457640>, model_only=True, return_train_score=False, error_score=0.0, kwargs={})
2024-08-07 19:48:58,559:INFO:Checking exceptions
2024-08-07 19:48:58,559:INFO:Importing libraries
2024-08-07 19:48:58,559:INFO:Copying training dataset
2024-08-07 19:48:58,563:INFO:Defining folds
2024-08-07 19:48:58,563:INFO:Declaring metric variables
2024-08-07 19:48:58,565:INFO:Importing untrained model
2024-08-07 19:48:58,568:INFO:K Neighbors Regressor Imported successfully
2024-08-07 19:48:58,572:INFO:Starting cross validation
2024-08-07 19:48:58,573:INFO:Cross validating with KFold(n_splits=10, random_state=None, shuffle=False), n_jobs=-1
2024-08-07 19:48:58,941:INFO:Calculating mean and std
2024-08-07 19:48:58,943:INFO:Creating metrics dataframe
2024-08-07 19:48:58,948:INFO:Uploading results into container
2024-08-07 19:48:58,949:INFO:Uploading model into container now
2024-08-07 19:48:58,949:INFO:_master_model_container: 11
2024-08-07 19:48:58,950:INFO:_display_container: 2
2024-08-07 19:48:58,950:INFO:KNeighborsRegressor(n_jobs=-1)
2024-08-07 19:48:58,951:INFO:create_model() successfully completed......................................
2024-08-07 19:48:59,115:INFO:SubProcess create_model() end ==================================
2024-08-07 19:48:59,115:INFO:Creating metrics dataframe
2024-08-07 19:48:59,122:INFO:Initializing Decision Tree Regressor
2024-08-07 19:48:59,122:INFO:Total runtime is 0.18955289920171106 minutes
2024-08-07 19:48:59,124:INFO:SubProcess create_model() called ==================================
2024-08-07 19:48:59,125:INFO:Initializing create_model()
2024-08-07 19:48:59,125:INFO:create_model(self=<pycaret.regression.oop.RegressionExperiment object at 0x30a4f54e0>, estimator=dt, fold=KFold(n_splits=10, random_state=None, shuffle=False), round=4, cross_validation=True, predict=True, fit_kwargs={}, groups=None, refit=False, probability_threshold=None, experiment_custom_tags=None, verbose=False, system=False, add_to_model_list=True, metrics=None, display=<pycaret.internal.display.display.CommonDisplay object at 0x176457640>, model_only=True, return_train_score=False, error_score=0.0, kwargs={})
2024-08-07 19:48:59,125:INFO:Checking exceptions
2024-08-07 19:48:59,125:INFO:Importing libraries
2024-08-07 19:48:59,125:INFO:Copying training dataset
2024-08-07 19:48:59,129:INFO:Defining folds
2024-08-07 19:48:59,129:INFO:Declaring metric variables
2024-08-07 19:48:59,131:INFO:Importing untrained model
2024-08-07 19:48:59,133:INFO:Decision Tree Regressor Imported successfully
2024-08-07 19:48:59,138:INFO:Starting cross validation
2024-08-07 19:48:59,139:INFO:Cross validating with KFold(n_splits=10, random_state=None, shuffle=False), n_jobs=-1
2024-08-07 19:48:59,421:INFO:Calculating mean and std
2024-08-07 19:48:59,422:INFO:Creating metrics dataframe
2024-08-07 19:48:59,424:INFO:Uploading results into container
2024-08-07 19:48:59,425:INFO:Uploading model into container now
2024-08-07 19:48:59,425:INFO:_master_model_container: 12
2024-08-07 19:48:59,425:INFO:_display_container: 2
2024-08-07 19:48:59,425:INFO:DecisionTreeRegressor(random_state=4566)
2024-08-07 19:48:59,425:INFO:create_model() successfully completed......................................
2024-08-07 19:48:59,560:INFO:SubProcess create_model() end ==================================
2024-08-07 19:48:59,560:INFO:Creating metrics dataframe
2024-08-07 19:48:59,567:INFO:Initializing Random Forest Regressor
2024-08-07 19:48:59,567:INFO:Total runtime is 0.19696696599324548 minutes
2024-08-07 19:48:59,569:INFO:SubProcess create_model() called ==================================
2024-08-07 19:48:59,569:INFO:Initializing create_model()
2024-08-07 19:48:59,569:INFO:create_model(self=<pycaret.regression.oop.RegressionExperiment object at 0x30a4f54e0>, estimator=rf, fold=KFold(n_splits=10, random_state=None, shuffle=False), round=4, cross_validation=True, predict=True, fit_kwargs={}, groups=None, refit=False, probability_threshold=None, experiment_custom_tags=None, verbose=False, system=False, add_to_model_list=True, metrics=None, display=<pycaret.internal.display.display.CommonDisplay object at 0x176457640>, model_only=True, return_train_score=False, error_score=0.0, kwargs={})
2024-08-07 19:48:59,570:INFO:Checking exceptions
2024-08-07 19:48:59,570:INFO:Importing libraries
2024-08-07 19:48:59,570:INFO:Copying training dataset
2024-08-07 19:48:59,573:INFO:Defining folds
2024-08-07 19:48:59,573:INFO:Declaring metric variables
2024-08-07 19:48:59,575:INFO:Importing untrained model
2024-08-07 19:48:59,577:INFO:Random Forest Regressor Imported successfully
2024-08-07 19:48:59,581:INFO:Starting cross validation
2024-08-07 19:48:59,582:INFO:Cross validating with KFold(n_splits=10, random_state=None, shuffle=False), n_jobs=-1
2024-08-07 19:49:03,542:INFO:Calculating mean and std
2024-08-07 19:49:03,544:INFO:Creating metrics dataframe
2024-08-07 19:49:03,547:INFO:Uploading results into container
2024-08-07 19:49:03,547:INFO:Uploading model into container now
2024-08-07 19:49:03,548:INFO:_master_model_container: 13
2024-08-07 19:49:03,548:INFO:_display_container: 2
2024-08-07 19:49:03,548:INFO:RandomForestRegressor(n_jobs=-1, random_state=4566)
2024-08-07 19:49:03,548:INFO:create_model() successfully completed......................................
2024-08-07 19:49:03,767:INFO:SubProcess create_model() end ==================================
2024-08-07 19:49:03,768:INFO:Creating metrics dataframe
2024-08-07 19:49:03,775:INFO:Initializing Extra Trees Regressor
2024-08-07 19:49:03,775:INFO:Total runtime is 0.26709586779276534 minutes
2024-08-07 19:49:03,777:INFO:SubProcess create_model() called ==================================
2024-08-07 19:49:03,777:INFO:Initializing create_model()
2024-08-07 19:49:03,777:INFO:create_model(self=<pycaret.regression.oop.RegressionExperiment object at 0x30a4f54e0>, estimator=et, fold=KFold(n_splits=10, random_state=None, shuffle=False), round=4, cross_validation=True, predict=True, fit_kwargs={}, groups=None, refit=False, probability_threshold=None, experiment_custom_tags=None, verbose=False, system=False, add_to_model_list=True, metrics=None, display=<pycaret.internal.display.display.CommonDisplay object at 0x176457640>, model_only=True, return_train_score=False, error_score=0.0, kwargs={})
2024-08-07 19:49:03,777:INFO:Checking exceptions
2024-08-07 19:49:03,777:INFO:Importing libraries
2024-08-07 19:49:03,777:INFO:Copying training dataset
2024-08-07 19:49:03,781:INFO:Defining folds
2024-08-07 19:49:03,781:INFO:Declaring metric variables
2024-08-07 19:49:03,783:INFO:Importing untrained model
2024-08-07 19:49:03,785:INFO:Extra Trees Regressor Imported successfully
2024-08-07 19:49:03,789:INFO:Starting cross validation
2024-08-07 19:49:03,790:INFO:Cross validating with KFold(n_splits=10, random_state=None, shuffle=False), n_jobs=-1
2024-08-07 19:49:06,794:INFO:Calculating mean and std
2024-08-07 19:49:06,797:INFO:Creating metrics dataframe
2024-08-07 19:49:06,803:INFO:Uploading results into container
2024-08-07 19:49:06,804:INFO:Uploading model into container now
2024-08-07 19:49:06,804:INFO:_master_model_container: 14
2024-08-07 19:49:06,804:INFO:_display_container: 2
2024-08-07 19:49:06,805:INFO:ExtraTreesRegressor(n_jobs=-1, random_state=4566)
2024-08-07 19:49:06,806:INFO:create_model() successfully completed......................................
2024-08-07 19:49:06,960:INFO:SubProcess create_model() end ==================================
2024-08-07 19:49:06,960:INFO:Creating metrics dataframe
2024-08-07 19:49:06,967:INFO:Initializing AdaBoost Regressor
2024-08-07 19:49:06,967:INFO:Total runtime is 0.32030053536097214 minutes
2024-08-07 19:49:06,969:INFO:SubProcess create_model() called ==================================
2024-08-07 19:49:06,969:INFO:Initializing create_model()
2024-08-07 19:49:06,969:INFO:create_model(self=<pycaret.regression.oop.RegressionExperiment object at 0x30a4f54e0>, estimator=ada, fold=KFold(n_splits=10, random_state=None, shuffle=False), round=4, cross_validation=True, predict=True, fit_kwargs={}, groups=None, refit=False, probability_threshold=None, experiment_custom_tags=None, verbose=False, system=False, add_to_model_list=True, metrics=None, display=<pycaret.internal.display.display.CommonDisplay object at 0x176457640>, model_only=True, return_train_score=False, error_score=0.0, kwargs={})
2024-08-07 19:49:06,969:INFO:Checking exceptions
2024-08-07 19:49:06,969:INFO:Importing libraries
2024-08-07 19:49:06,969:INFO:Copying training dataset
2024-08-07 19:49:06,973:INFO:Defining folds
2024-08-07 19:49:06,973:INFO:Declaring metric variables
2024-08-07 19:49:06,975:INFO:Importing untrained model
2024-08-07 19:49:06,977:INFO:AdaBoost Regressor Imported successfully
2024-08-07 19:49:06,981:INFO:Starting cross validation
2024-08-07 19:49:06,982:INFO:Cross validating with KFold(n_splits=10, random_state=None, shuffle=False), n_jobs=-1
2024-08-07 19:49:08,039:INFO:Calculating mean and std
2024-08-07 19:49:08,040:INFO:Creating metrics dataframe
2024-08-07 19:49:08,042:INFO:Uploading results into container
2024-08-07 19:49:08,042:INFO:Uploading model into container now
2024-08-07 19:49:08,043:INFO:_master_model_container: 15
2024-08-07 19:49:08,043:INFO:_display_container: 2
2024-08-07 19:49:08,043:INFO:AdaBoostRegressor(random_state=4566)
2024-08-07 19:49:08,043:INFO:create_model() successfully completed......................................
2024-08-07 19:49:08,203:INFO:SubProcess create_model() end ==================================
2024-08-07 19:49:08,203:INFO:Creating metrics dataframe
2024-08-07 19:49:08,211:INFO:Initializing Gradient Boosting Regressor
2024-08-07 19:49:08,211:INFO:Total runtime is 0.3410304665565491 minutes
2024-08-07 19:49:08,213:INFO:SubProcess create_model() called ==================================
2024-08-07 19:49:08,213:INFO:Initializing create_model()
2024-08-07 19:49:08,213:INFO:create_model(self=<pycaret.regression.oop.RegressionExperiment object at 0x30a4f54e0>, estimator=gbr, fold=KFold(n_splits=10, random_state=None, shuffle=False), round=4, cross_validation=True, predict=True, fit_kwargs={}, groups=None, refit=False, probability_threshold=None, experiment_custom_tags=None, verbose=False, system=False, add_to_model_list=True, metrics=None, display=<pycaret.internal.display.display.CommonDisplay object at 0x176457640>, model_only=True, return_train_score=False, error_score=0.0, kwargs={})
2024-08-07 19:49:08,213:INFO:Checking exceptions
2024-08-07 19:49:08,213:INFO:Importing libraries
2024-08-07 19:49:08,213:INFO:Copying training dataset
2024-08-07 19:49:08,217:INFO:Defining folds
2024-08-07 19:49:08,217:INFO:Declaring metric variables
2024-08-07 19:49:08,219:INFO:Importing untrained model
2024-08-07 19:49:08,221:INFO:Gradient Boosting Regressor Imported successfully
2024-08-07 19:49:08,225:INFO:Starting cross validation
2024-08-07 19:49:08,226:INFO:Cross validating with KFold(n_splits=10, random_state=None, shuffle=False), n_jobs=-1
2024-08-07 19:49:09,995:INFO:Calculating mean and std
2024-08-07 19:49:09,996:INFO:Creating metrics dataframe
2024-08-07 19:49:09,998:INFO:Uploading results into container
2024-08-07 19:49:09,998:INFO:Uploading model into container now
2024-08-07 19:49:09,999:INFO:_master_model_container: 16
2024-08-07 19:49:09,999:INFO:_display_container: 2
2024-08-07 19:49:09,999:INFO:GradientBoostingRegressor(random_state=4566)
2024-08-07 19:49:09,999:INFO:create_model() successfully completed......................................
2024-08-07 19:49:10,124:INFO:SubProcess create_model() end ==================================
2024-08-07 19:49:10,124:INFO:Creating metrics dataframe
2024-08-07 19:49:10,131:INFO:Initializing Extreme Gradient Boosting
2024-08-07 19:49:10,131:INFO:Total runtime is 0.37303351561228437 minutes
2024-08-07 19:49:10,133:INFO:SubProcess create_model() called ==================================
2024-08-07 19:49:10,133:INFO:Initializing create_model()
2024-08-07 19:49:10,133:INFO:create_model(self=<pycaret.regression.oop.RegressionExperiment object at 0x30a4f54e0>, estimator=xgboost, fold=KFold(n_splits=10, random_state=None, shuffle=False), round=4, cross_validation=True, predict=True, fit_kwargs={}, groups=None, refit=False, probability_threshold=None, experiment_custom_tags=None, verbose=False, system=False, add_to_model_list=True, metrics=None, display=<pycaret.internal.display.display.CommonDisplay object at 0x176457640>, model_only=True, return_train_score=False, error_score=0.0, kwargs={})
2024-08-07 19:49:10,133:INFO:Checking exceptions
2024-08-07 19:49:10,133:INFO:Importing libraries
2024-08-07 19:49:10,133:INFO:Copying training dataset
2024-08-07 19:49:10,137:INFO:Defining folds
2024-08-07 19:49:10,137:INFO:Declaring metric variables
2024-08-07 19:49:10,139:INFO:Importing untrained model
2024-08-07 19:49:10,142:INFO:Extreme Gradient Boosting Imported successfully
2024-08-07 19:49:10,145:INFO:Starting cross validation
2024-08-07 19:49:10,146:INFO:Cross validating with KFold(n_splits=10, random_state=None, shuffle=False), n_jobs=-1
2024-08-07 19:49:14,372:INFO:Calculating mean and std
2024-08-07 19:49:14,373:INFO:Creating metrics dataframe
2024-08-07 19:49:14,375:INFO:Uploading results into container
2024-08-07 19:49:14,375:INFO:Uploading model into container now
2024-08-07 19:49:14,376:INFO:_master_model_container: 17
2024-08-07 19:49:14,376:INFO:_display_container: 2
2024-08-07 19:49:14,376:INFO:XGBRegressor(base_score=None, booster='gbtree', callbacks=None,
             colsample_bylevel=None, colsample_bynode=None,
             colsample_bytree=None, early_stopping_rounds=None,
             enable_categorical=False, eval_metric=None, gamma=None,
             gpu_id=None, grow_policy=None, importance_type=None,
             interaction_constraints=None, learning_rate=None, max_bin=None,
             max_cat_to_onehot=None, max_delta_step=None, max_depth=None,
             max_leaves=None, min_child_weight=None, missing=nan,
             monotone_constraints=None, n_estimators=100, n_jobs=-1,
             num_parallel_tree=None, predictor=None, random_state=4566,
             reg_alpha=None, reg_lambda=None, ...)
2024-08-07 19:49:14,376:INFO:create_model() successfully completed......................................
2024-08-07 19:49:14,504:INFO:SubProcess create_model() end ==================================
2024-08-07 19:49:14,504:INFO:Creating metrics dataframe
2024-08-07 19:49:14,511:INFO:Initializing Light Gradient Boosting Machine
2024-08-07 19:49:14,511:INFO:Total runtime is 0.4460427641868592 minutes
2024-08-07 19:49:14,514:INFO:SubProcess create_model() called ==================================
2024-08-07 19:49:14,514:INFO:Initializing create_model()
2024-08-07 19:49:14,514:INFO:create_model(self=<pycaret.regression.oop.RegressionExperiment object at 0x30a4f54e0>, estimator=lightgbm, fold=KFold(n_splits=10, random_state=None, shuffle=False), round=4, cross_validation=True, predict=True, fit_kwargs={}, groups=None, refit=False, probability_threshold=None, experiment_custom_tags=None, verbose=False, system=False, add_to_model_list=True, metrics=None, display=<pycaret.internal.display.display.CommonDisplay object at 0x176457640>, model_only=True, return_train_score=False, error_score=0.0, kwargs={})
2024-08-07 19:49:14,514:INFO:Checking exceptions
2024-08-07 19:49:14,514:INFO:Importing libraries
2024-08-07 19:49:14,514:INFO:Copying training dataset
2024-08-07 19:49:14,517:INFO:Defining folds
2024-08-07 19:49:14,518:INFO:Declaring metric variables
2024-08-07 19:49:14,520:INFO:Importing untrained model
2024-08-07 19:49:14,522:INFO:Light Gradient Boosting Machine Imported successfully
2024-08-07 19:49:14,526:INFO:Starting cross validation
2024-08-07 19:49:14,526:INFO:Cross validating with KFold(n_splits=10, random_state=None, shuffle=False), n_jobs=-1
2024-08-07 19:49:17,853:INFO:Calculating mean and std
2024-08-07 19:49:17,854:INFO:Creating metrics dataframe
2024-08-07 19:49:17,856:INFO:Uploading results into container
2024-08-07 19:49:17,857:INFO:Uploading model into container now
2024-08-07 19:49:17,857:INFO:_master_model_container: 18
2024-08-07 19:49:17,857:INFO:_display_container: 2
2024-08-07 19:49:17,857:INFO:LGBMRegressor(n_jobs=-1, random_state=4566)
2024-08-07 19:49:17,857:INFO:create_model() successfully completed......................................
2024-08-07 19:49:17,996:INFO:SubProcess create_model() end ==================================
2024-08-07 19:49:17,996:INFO:Creating metrics dataframe
2024-08-07 19:49:18,003:INFO:Initializing Dummy Regressor
2024-08-07 19:49:18,003:INFO:Total runtime is 0.5042421817779541 minutes
2024-08-07 19:49:18,005:INFO:SubProcess create_model() called ==================================
2024-08-07 19:49:18,006:INFO:Initializing create_model()
2024-08-07 19:49:18,006:INFO:create_model(self=<pycaret.regression.oop.RegressionExperiment object at 0x30a4f54e0>, estimator=dummy, fold=KFold(n_splits=10, random_state=None, shuffle=False), round=4, cross_validation=True, predict=True, fit_kwargs={}, groups=None, refit=False, probability_threshold=None, experiment_custom_tags=None, verbose=False, system=False, add_to_model_list=True, metrics=None, display=<pycaret.internal.display.display.CommonDisplay object at 0x176457640>, model_only=True, return_train_score=False, error_score=0.0, kwargs={})
2024-08-07 19:49:18,006:INFO:Checking exceptions
2024-08-07 19:49:18,006:INFO:Importing libraries
2024-08-07 19:49:18,006:INFO:Copying training dataset
2024-08-07 19:49:18,010:INFO:Defining folds
2024-08-07 19:49:18,010:INFO:Declaring metric variables
2024-08-07 19:49:18,012:INFO:Importing untrained model
2024-08-07 19:49:18,015:INFO:Dummy Regressor Imported successfully
2024-08-07 19:49:18,019:INFO:Starting cross validation
2024-08-07 19:49:18,020:INFO:Cross validating with KFold(n_splits=10, random_state=None, shuffle=False), n_jobs=-1
2024-08-07 19:49:18,252:INFO:Calculating mean and std
2024-08-07 19:49:18,253:INFO:Creating metrics dataframe
2024-08-07 19:49:18,255:INFO:Uploading results into container
2024-08-07 19:49:18,255:INFO:Uploading model into container now
2024-08-07 19:49:18,256:INFO:_master_model_container: 19
2024-08-07 19:49:18,256:INFO:_display_container: 2
2024-08-07 19:49:18,256:INFO:DummyRegressor()
2024-08-07 19:49:18,256:INFO:create_model() successfully completed......................................
2024-08-07 19:49:18,390:INFO:SubProcess create_model() end ==================================
2024-08-07 19:49:18,390:INFO:Creating metrics dataframe
2024-08-07 19:49:18,403:INFO:Initializing create_model()
2024-08-07 19:49:18,404:INFO:create_model(self=<pycaret.regression.oop.RegressionExperiment object at 0x30a4f54e0>, estimator=ExtraTreesRegressor(n_jobs=-1, random_state=4566), fold=KFold(n_splits=10, random_state=None, shuffle=False), round=4, cross_validation=False, predict=False, fit_kwargs={}, groups=None, refit=True, probability_threshold=None, experiment_custom_tags=None, verbose=False, system=False, add_to_model_list=True, metrics=None, display=None, model_only=True, return_train_score=False, error_score=0.0, kwargs={})
2024-08-07 19:49:18,404:INFO:Checking exceptions
2024-08-07 19:49:18,405:INFO:Importing libraries
2024-08-07 19:49:18,405:INFO:Copying training dataset
2024-08-07 19:49:18,409:INFO:Defining folds
2024-08-07 19:49:18,409:INFO:Declaring metric variables
2024-08-07 19:49:18,409:INFO:Importing untrained model
2024-08-07 19:49:18,409:INFO:Declaring custom model
2024-08-07 19:49:18,409:INFO:Extra Trees Regressor Imported successfully
2024-08-07 19:49:18,410:INFO:Cross validation set to False
2024-08-07 19:49:18,410:INFO:Fitting Model
2024-08-07 19:49:18,761:INFO:ExtraTreesRegressor(n_jobs=-1, random_state=4566)
2024-08-07 19:49:18,761:INFO:create_model() successfully completed......................................
2024-08-07 19:49:18,904:INFO:Creating Dashboard logs
2024-08-07 19:49:18,906:INFO:Model: Extra Trees Regressor
2024-08-07 19:49:19,371:INFO:Logged params: {'bootstrap': False, 'ccp_alpha': 0.0, 'criterion': 'squared_error', 'max_depth': None, 'max_features': 1.0, 'max_leaf_nodes': None, 'max_samples': None, 'min_impurity_decrease': 0.0, 'min_samples_leaf': 1, 'min_samples_split': 2, 'min_weight_fraction_leaf': 0.0, 'monotonic_cst': None, 'n_estimators': 100, 'n_jobs': -1, 'oob_score': False, 'random_state': 4566, 'verbose': 0, 'warm_start': False}
2024-08-07 19:49:24,647:INFO:Initializing predict_model()
2024-08-07 19:49:24,647:INFO:predict_model(self=<pycaret.regression.oop.RegressionExperiment object at 0x30a4f54e0>, estimator=ExtraTreesRegressor(n_jobs=-1, random_state=4566), probability_threshold=None, encoded_labels=False, raw_score=False, round=4, verbose=False, ml_usecase=None, preprocess=True, encode_labels=<function _SupervisedExperiment.predict_model.<locals>.encode_labels at 0x30cef1240>)
2024-08-07 19:49:24,647:INFO:Checking exceptions
2024-08-07 19:49:24,647:INFO:Preloading libraries
2024-08-07 19:49:24,752:WARNING:/Users/pamoussa/anaconda3/envs/mlops/lib/python3.10/site-packages/sklearn/metrics/_regression.py:483: FutureWarning: 'squared' is deprecated in version 1.4 and will be removed in 1.6. To calculate the root mean squared error, use the function'root_mean_squared_error'.
  warnings.warn(

2024-08-07 19:49:25,864:WARNING:/Users/pamoussa/anaconda3/envs/mlops/lib/python3.10/site-packages/_distutils_hack/__init__.py:32: UserWarning: Setuptools is replacing distutils. Support for replacing an already imported distutils is deprecated. In the future, this condition will fail. Register concerns at https://github.com/pypa/setuptools/issues/new?template=distutils-deprecation.yml
  warnings.warn(

2024-08-07 19:54:30,197:INFO:Initializing create_model()
2024-08-07 19:54:30,197:INFO:create_model(self=<pycaret.regression.oop.RegressionExperiment object at 0x30a4f54e0>, estimator=RandomForestRegressor(n_jobs=-1, random_state=4566), fold=KFold(n_splits=10, random_state=None, shuffle=False), round=4, cross_validation=False, predict=False, fit_kwargs={}, groups=None, refit=True, probability_threshold=None, experiment_custom_tags=None, verbose=False, system=False, add_to_model_list=True, metrics=None, display=None, model_only=True, return_train_score=False, error_score=0.0, kwargs={})
2024-08-07 19:54:30,197:INFO:Checking exceptions
2024-08-07 19:54:30,199:INFO:Importing libraries
2024-08-07 19:54:30,200:INFO:Copying training dataset
2024-08-07 19:54:30,204:INFO:Defining folds
2024-08-07 19:54:30,204:INFO:Declaring metric variables
2024-08-07 19:54:30,204:INFO:Importing untrained model
2024-08-07 19:54:30,204:INFO:Declaring custom model
2024-08-07 19:54:30,204:INFO:Random Forest Regressor Imported successfully
2024-08-07 19:54:30,205:INFO:Cross validation set to False
2024-08-07 19:54:30,205:INFO:Fitting Model
2024-08-07 19:54:30,659:INFO:RandomForestRegressor(n_jobs=-1, random_state=4566)
2024-08-07 19:54:30,659:INFO:create_model() successfully completed......................................
2024-08-07 19:54:30,803:INFO:Creating Dashboard logs
2024-08-07 19:54:30,806:INFO:Model: Random Forest Regressor
2024-08-07 19:54:31,261:INFO:Logged params: {'bootstrap': True, 'ccp_alpha': 0.0, 'criterion': 'squared_error', 'max_depth': None, 'max_features': 1.0, 'max_leaf_nodes': None, 'max_samples': None, 'min_impurity_decrease': 0.0, 'min_samples_leaf': 1, 'min_samples_split': 2, 'min_weight_fraction_leaf': 0.0, 'monotonic_cst': None, 'n_estimators': 100, 'n_jobs': -1, 'oob_score': False, 'random_state': 4566, 'verbose': 0, 'warm_start': False}
2024-08-07 19:54:36,223:INFO:Initializing predict_model()
2024-08-07 19:54:36,223:INFO:predict_model(self=<pycaret.regression.oop.RegressionExperiment object at 0x30a4f54e0>, estimator=RandomForestRegressor(n_jobs=-1, random_state=4566), probability_threshold=None, encoded_labels=False, raw_score=False, round=4, verbose=False, ml_usecase=None, preprocess=True, encode_labels=<function _SupervisedExperiment.predict_model.<locals>.encode_labels at 0x1085adc60>)
2024-08-07 19:54:36,223:INFO:Checking exceptions
2024-08-07 19:54:36,223:INFO:Preloading libraries
2024-08-07 19:54:36,329:WARNING:/Users/pamoussa/anaconda3/envs/mlops/lib/python3.10/site-packages/sklearn/metrics/_regression.py:483: FutureWarning: 'squared' is deprecated in version 1.4 and will be removed in 1.6. To calculate the root mean squared error, use the function'root_mean_squared_error'.
  warnings.warn(

2024-08-07 19:54:57,149:INFO:Initializing create_model()
2024-08-07 19:54:57,150:INFO:create_model(self=<pycaret.regression.oop.RegressionExperiment object at 0x30a4f54e0>, estimator=XGBRegressor(base_score=None, booster='gbtree', callbacks=None,
             colsample_bylevel=None, colsample_bynode=None,
             colsample_bytree=None, early_stopping_rounds=None,
             enable_categorical=False, eval_metric=None, gamma=None,
             gpu_id=None, grow_policy=None, importance_type=None,
             interaction_constraints=None, learning_rate=None, max_bin=None,
             max_cat_to_onehot=None, max_delta_step=None, max_depth=None,
             max_leaves=None, min_child_weight=None, missing=nan,
             monotone_constraints=None, n_estimators=100, n_jobs=-1,
             num_parallel_tree=None, predictor=None, random_state=4566,
             reg_alpha=None, reg_lambda=None, ...), fold=KFold(n_splits=10, random_state=None, shuffle=False), round=4, cross_validation=False, predict=False, fit_kwargs={}, groups=None, refit=True, probability_threshold=None, experiment_custom_tags=None, verbose=False, system=False, add_to_model_list=True, metrics=None, display=None, model_only=True, return_train_score=False, error_score=0.0, kwargs={})
2024-08-07 19:54:57,150:INFO:Checking exceptions
2024-08-07 19:54:57,151:INFO:Importing libraries
2024-08-07 19:54:57,151:INFO:Copying training dataset
2024-08-07 19:54:57,154:INFO:Defining folds
2024-08-07 19:54:57,154:INFO:Declaring metric variables
2024-08-07 19:54:57,154:INFO:Importing untrained model
2024-08-07 19:54:57,154:INFO:Declaring custom model
2024-08-07 19:54:57,155:INFO:Extreme Gradient Boosting Imported successfully
2024-08-07 19:54:57,156:INFO:Cross validation set to False
2024-08-07 19:54:57,156:INFO:Fitting Model
2024-08-07 19:54:57,815:INFO:XGBRegressor(base_score=0.5, booster='gbtree', callbacks=None,
             colsample_bylevel=1, colsample_bynode=1, colsample_bytree=1,
             early_stopping_rounds=None, enable_categorical=False,
             eval_metric=None, gamma=0, gpu_id=-1, grow_policy='depthwise',
             importance_type=None, interaction_constraints='',
             learning_rate=0.300000012, max_bin=256, max_cat_to_onehot=4,
             max_delta_step=0, max_depth=6, max_leaves=0, min_child_weight=1,
             missing=nan, monotone_constraints='()', n_estimators=100,
             n_jobs=-1, num_parallel_tree=1, predictor='auto',
             random_state=4566, reg_alpha=0, reg_lambda=1, ...)
2024-08-07 19:54:57,815:INFO:create_model() successfully completed......................................
2024-08-07 19:54:57,994:INFO:Creating Dashboard logs
2024-08-07 19:54:57,999:INFO:Model: Extreme Gradient Boosting
2024-08-07 19:54:58,470:INFO:Logged params: {'objective': 'reg:squarederror', 'base_score': 0.5, 'booster': 'gbtree', 'callbacks': None, 'colsample_bylevel': 1, 'colsample_bynode': 1, 'colsample_bytree': 1, 'early_stopping_rounds': None, 'enable_categorical': False, 'eval_metric': None, 'gamma': 0, 'gpu_id': -1, 'grow_policy': 'depthwise', 'importance_type': None, 'interaction_constraints': '', 'learning_rate': 0.300000012, 'max_bin': 256, 'max_cat_to_onehot': 4, 'max_delta_step': 0, 'max_depth': 6, 'max_leaves': 0, 'min_child_weight': 1, 'missing': nan, 'monotone_constraints': '()', 'n_estimators': 100, 'n_jobs': -1, 'num_parallel_tree': 1, 'predictor': 'auto', 'random_state': 4566, 'reg_alpha': 0, 'reg_lambda': 1, 'sampling_method': 'uniform', 'scale_pos_weight': 1, 'subsample': 1, 'tree_method': 'auto', 'validate_parameters': 1, 'verbosity': 0}
2024-08-07 19:55:03,880:INFO:Initializing predict_model()
2024-08-07 19:55:03,880:INFO:predict_model(self=<pycaret.regression.oop.RegressionExperiment object at 0x30a4f54e0>, estimator=XGBRegressor(base_score=0.5, booster='gbtree', callbacks=None,
             colsample_bylevel=1, colsample_bynode=1, colsample_bytree=1,
             early_stopping_rounds=None, enable_categorical=False,
             eval_metric=None, gamma=0, gpu_id=-1, grow_policy='depthwise',
             importance_type=None, interaction_constraints='',
             learning_rate=0.300000012, max_bin=256, max_cat_to_onehot=4,
             max_delta_step=0, max_depth=6, max_leaves=0, min_child_weight=1,
             missing=nan, monotone_constraints='()', n_estimators=100,
             n_jobs=-1, num_parallel_tree=1, predictor='auto',
             random_state=4566, reg_alpha=0, reg_lambda=1, ...), probability_threshold=None, encoded_labels=False, raw_score=False, round=4, verbose=False, ml_usecase=None, preprocess=True, encode_labels=<function _SupervisedExperiment.predict_model.<locals>.encode_labels at 0x30cf469e0>)
2024-08-07 19:55:03,880:INFO:Checking exceptions
2024-08-07 19:55:03,880:INFO:Preloading libraries
2024-08-07 19:55:03,970:WARNING:/Users/pamoussa/anaconda3/envs/mlops/lib/python3.10/site-packages/sklearn/metrics/_regression.py:483: FutureWarning: 'squared' is deprecated in version 1.4 and will be removed in 1.6. To calculate the root mean squared error, use the function'root_mean_squared_error'.
  warnings.warn(

2024-08-07 19:55:09,024:INFO:Creating Dashboard logs
2024-08-07 19:55:09,027:INFO:Model: Light Gradient Boosting Machine
2024-08-07 19:55:09,475:INFO:Logged params: {'boosting_type': 'gbdt', 'class_weight': None, 'colsample_bytree': 1.0, 'importance_type': 'split', 'learning_rate': 0.1, 'max_depth': -1, 'min_child_samples': 20, 'min_child_weight': 0.001, 'min_split_gain': 0.0, 'n_estimators': 100, 'n_jobs': -1, 'num_leaves': 31, 'objective': None, 'random_state': 4566, 'reg_alpha': 0.0, 'reg_lambda': 0.0, 'subsample': 1.0, 'subsample_for_bin': 200000, 'subsample_freq': 0}
2024-08-07 19:55:17,917:INFO:Creating Dashboard logs
2024-08-07 19:55:17,920:INFO:Model: Gradient Boosting Regressor
2024-08-07 19:55:18,364:INFO:Logged params: {'alpha': 0.9, 'ccp_alpha': 0.0, 'criterion': 'friedman_mse', 'init': None, 'learning_rate': 0.1, 'loss': 'squared_error', 'max_depth': 3, 'max_features': None, 'max_leaf_nodes': None, 'min_impurity_decrease': 0.0, 'min_samples_leaf': 1, 'min_samples_split': 2, 'min_weight_fraction_leaf': 0.0, 'n_estimators': 100, 'n_iter_no_change': None, 'random_state': 4566, 'subsample': 1.0, 'tol': 0.0001, 'validation_fraction': 0.1, 'verbose': 0, 'warm_start': False}
2024-08-07 19:55:27,374:INFO:Creating Dashboard logs
2024-08-07 19:55:27,376:INFO:Model: Decision Tree Regressor
2024-08-07 19:55:27,828:INFO:Logged params: {'ccp_alpha': 0.0, 'criterion': 'squared_error', 'max_depth': None, 'max_features': None, 'max_leaf_nodes': None, 'min_impurity_decrease': 0.0, 'min_samples_leaf': 1, 'min_samples_split': 2, 'min_weight_fraction_leaf': 0.0, 'monotonic_cst': None, 'random_state': 4566, 'splitter': 'best'}
2024-08-07 19:55:35,795:INFO:Creating Dashboard logs
2024-08-07 19:55:35,797:INFO:Model: AdaBoost Regressor
2024-08-07 19:55:36,264:INFO:Logged params: {'estimator': None, 'learning_rate': 1.0, 'loss': 'linear', 'n_estimators': 50, 'random_state': 4566}
2024-08-07 19:55:44,866:INFO:Creating Dashboard logs
2024-08-07 19:55:44,869:INFO:Model: Ridge Regression
2024-08-07 19:55:45,327:INFO:Logged params: {'alpha': 1.0, 'copy_X': True, 'fit_intercept': True, 'max_iter': None, 'positive': False, 'random_state': 4566, 'solver': 'auto', 'tol': 0.0001}
2024-08-07 19:55:53,473:INFO:Creating Dashboard logs
2024-08-07 19:55:53,476:INFO:Model: Bayesian Ridge
2024-08-07 19:55:53,961:INFO:Logged params: {'alpha_1': 1e-06, 'alpha_2': 1e-06, 'alpha_init': None, 'compute_score': False, 'copy_X': True, 'fit_intercept': True, 'lambda_1': 1e-06, 'lambda_2': 1e-06, 'lambda_init': None, 'max_iter': None, 'n_iter': 'deprecated', 'tol': 0.001, 'verbose': False}
2024-08-07 19:56:02,623:INFO:Creating Dashboard logs
2024-08-07 19:56:02,626:INFO:Model: Linear Regression
2024-08-07 19:56:03,086:INFO:Logged params: {'copy_X': True, 'fit_intercept': True, 'n_jobs': -1, 'positive': False}
2024-08-07 19:56:11,143:INFO:Creating Dashboard logs
2024-08-07 19:56:11,145:INFO:Model: K Neighbors Regressor
2024-08-07 19:56:11,592:INFO:Logged params: {'algorithm': 'auto', 'leaf_size': 30, 'metric': 'minkowski', 'metric_params': None, 'n_jobs': -1, 'n_neighbors': 5, 'p': 2, 'weights': 'uniform'}
2024-08-07 19:56:19,945:INFO:Creating Dashboard logs
2024-08-07 19:56:19,948:INFO:Model: Orthogonal Matching Pursuit
2024-08-07 19:56:20,411:INFO:Logged params: {'fit_intercept': True, 'n_nonzero_coefs': None, 'precompute': 'auto', 'tol': None}
2024-08-07 19:56:29,831:INFO:Creating Dashboard logs
2024-08-07 19:56:29,834:INFO:Model: Lasso Regression
2024-08-07 19:56:30,365:INFO:Logged params: {'alpha': 1.0, 'copy_X': True, 'fit_intercept': True, 'max_iter': 1000, 'positive': False, 'precompute': False, 'random_state': 4566, 'selection': 'cyclic', 'tol': 0.0001, 'warm_start': False}
2024-08-07 19:56:40,160:INFO:Creating Dashboard logs
2024-08-07 19:56:40,163:INFO:Model: Elastic Net
2024-08-07 19:56:40,663:INFO:Logged params: {'alpha': 1.0, 'copy_X': True, 'fit_intercept': True, 'l1_ratio': 0.5, 'max_iter': 1000, 'positive': False, 'precompute': False, 'random_state': 4566, 'selection': 'cyclic', 'tol': 0.0001, 'warm_start': False}
2024-08-07 19:56:50,397:INFO:Creating Dashboard logs
2024-08-07 19:56:50,401:INFO:Model: Lasso Least Angle Regression
2024-08-07 19:56:51,015:INFO:Logged params: {'alpha': 1.0, 'copy_X': True, 'eps': 2.220446049250313e-16, 'fit_intercept': True, 'fit_path': True, 'jitter': None, 'max_iter': 500, 'positive': False, 'precompute': 'auto', 'random_state': 4566, 'verbose': False}
2024-08-07 19:56:59,138:INFO:Creating Dashboard logs
2024-08-07 19:56:59,140:INFO:Model: Dummy Regressor
2024-08-07 19:56:59,600:INFO:Logged params: {'constant': None, 'quantile': None, 'strategy': 'mean'}
2024-08-07 19:57:07,380:INFO:Creating Dashboard logs
2024-08-07 19:57:07,383:INFO:Model: Huber Regressor
2024-08-07 19:57:07,867:INFO:Logged params: {'alpha': 0.0001, 'epsilon': 1.35, 'fit_intercept': True, 'max_iter': 100, 'tol': 1e-05, 'warm_start': False}
2024-08-07 19:57:16,195:INFO:Creating Dashboard logs
2024-08-07 19:57:16,202:INFO:Model: Passive Aggressive Regressor
2024-08-07 19:57:16,722:INFO:Logged params: {'C': 1.0, 'average': False, 'early_stopping': False, 'epsilon': 0.1, 'fit_intercept': True, 'loss': 'epsilon_insensitive', 'max_iter': 1000, 'n_iter_no_change': 5, 'random_state': 4566, 'shuffle': True, 'tol': 0.001, 'validation_fraction': 0.1, 'verbose': 0, 'warm_start': False}
2024-08-07 19:57:25,898:INFO:Creating Dashboard logs
2024-08-07 19:57:25,901:INFO:Model: Least Angle Regression
2024-08-07 19:57:26,355:INFO:Logged params: {'copy_X': True, 'eps': 2.220446049250313e-16, 'fit_intercept': True, 'fit_path': True, 'jitter': None, 'n_nonzero_coefs': 500, 'precompute': 'auto', 'random_state': 4566, 'verbose': False}
2024-08-07 19:57:34,783:INFO:_master_model_container: 19
2024-08-07 19:57:34,783:INFO:_display_container: 2
2024-08-07 19:57:34,787:INFO:[ExtraTreesRegressor(n_jobs=-1, random_state=4566), RandomForestRegressor(n_jobs=-1, random_state=4566), XGBRegressor(base_score=0.5, booster='gbtree', callbacks=None,
             colsample_bylevel=1, colsample_bynode=1, colsample_bytree=1,
             early_stopping_rounds=None, enable_categorical=False,
             eval_metric=None, gamma=0, gpu_id=-1, grow_policy='depthwise',
             importance_type=None, interaction_constraints='',
             learning_rate=0.300000012, max_bin=256, max_cat_to_onehot=4,
             max_delta_step=0, max_depth=6, max_leaves=0, min_child_weight=1,
             missing=nan, monotone_constraints='()', n_estimators=100,
             n_jobs=-1, num_parallel_tree=1, predictor='auto',
             random_state=4566, reg_alpha=0, reg_lambda=1, ...)]
2024-08-07 19:57:34,787:INFO:compare_models() successfully completed......................................
2024-08-07 20:02:08,691:WARNING:/Users/pamoussa/anaconda3/envs/mlops/lib/python3.10/site-packages/sklearn/preprocessing/_encoders.py:241: UserWarning: Found unknown categories in columns [0] during transform. These unknown categories will be encoded as all zeros
  warnings.warn(

2024-08-07 20:03:10,798:WARNING:/Users/pamoussa/anaconda3/envs/mlops/lib/python3.10/site-packages/sklearn/preprocessing/_encoders.py:241: UserWarning: Found unknown categories in columns [0] during transform. These unknown categories will be encoded as all zeros
  warnings.warn(

2024-08-07 20:03:44,616:WARNING:/Users/pamoussa/anaconda3/envs/mlops/lib/python3.10/site-packages/sklearn/preprocessing/_encoders.py:241: UserWarning: Found unknown categories in columns [0] during transform. These unknown categories will be encoded as all zeros
  warnings.warn(

2024-08-07 20:03:53,823:WARNING:/Users/pamoussa/anaconda3/envs/mlops/lib/python3.10/site-packages/sklearn/preprocessing/_encoders.py:241: UserWarning: Found unknown categories in columns [0] during transform. These unknown categories will be encoded as all zeros
  warnings.warn(

2024-08-07 20:03:53,845:WARNING:/Users/pamoussa/anaconda3/envs/mlops/lib/python3.10/site-packages/sklearn/preprocessing/_encoders.py:241: UserWarning: Found unknown categories in columns [0] during transform. These unknown categories will be encoded as all zeros
  warnings.warn(

2024-08-07 20:03:54,313:WARNING:/Users/pamoussa/anaconda3/envs/mlops/lib/python3.10/site-packages/sklearn/preprocessing/_encoders.py:241: UserWarning: Found unknown categories in columns [0] during transform. These unknown categories will be encoded as all zeros
  warnings.warn(

2024-08-07 20:03:54,330:WARNING:/Users/pamoussa/anaconda3/envs/mlops/lib/python3.10/site-packages/sklearn/preprocessing/_encoders.py:241: UserWarning: Found unknown categories in columns [0] during transform. These unknown categories will be encoded as all zeros
  warnings.warn(

2024-08-07 20:03:54,489:WARNING:/Users/pamoussa/anaconda3/envs/mlops/lib/python3.10/site-packages/sklearn/preprocessing/_encoders.py:241: UserWarning: Found unknown categories in columns [0] during transform. These unknown categories will be encoded as all zeros
  warnings.warn(

2024-08-07 20:03:54,499:WARNING:/Users/pamoussa/anaconda3/envs/mlops/lib/python3.10/site-packages/sklearn/preprocessing/_encoders.py:241: UserWarning: Found unknown categories in columns [0] during transform. These unknown categories will be encoded as all zeros
  warnings.warn(

2024-08-07 20:03:55,048:WARNING:/Users/pamoussa/anaconda3/envs/mlops/lib/python3.10/site-packages/sklearn/preprocessing/_encoders.py:241: UserWarning: Found unknown categories in columns [0] during transform. These unknown categories will be encoded as all zeros
  warnings.warn(

2024-08-07 20:03:55,064:WARNING:/Users/pamoussa/anaconda3/envs/mlops/lib/python3.10/site-packages/sklearn/preprocessing/_encoders.py:241: UserWarning: Found unknown categories in columns [0] during transform. These unknown categories will be encoded as all zeros
  warnings.warn(

2024-08-07 20:03:55,458:WARNING:/Users/pamoussa/anaconda3/envs/mlops/lib/python3.10/site-packages/sklearn/preprocessing/_encoders.py:241: UserWarning: Found unknown categories in columns [0] during transform. These unknown categories will be encoded as all zeros
  warnings.warn(

2024-08-07 20:03:55,473:WARNING:/Users/pamoussa/anaconda3/envs/mlops/lib/python3.10/site-packages/sklearn/preprocessing/_encoders.py:241: UserWarning: Found unknown categories in columns [0] during transform. These unknown categories will be encoded as all zeros
  warnings.warn(

2024-08-07 20:03:55,874:WARNING:/Users/pamoussa/anaconda3/envs/mlops/lib/python3.10/site-packages/sklearn/preprocessing/_encoders.py:241: UserWarning: Found unknown categories in columns [0] during transform. These unknown categories will be encoded as all zeros
  warnings.warn(

2024-08-07 20:03:55,884:WARNING:/Users/pamoussa/anaconda3/envs/mlops/lib/python3.10/site-packages/sklearn/preprocessing/_encoders.py:241: UserWarning: Found unknown categories in columns [0] during transform. These unknown categories will be encoded as all zeros
  warnings.warn(

